{"/home/yagnesh/Desktop/All Projects Of WOGOM/PromptWars/CarbonFootprint/frontend/src/contexts/AuthContext.tsx": {"path":"/home/yagnesh/Desktop/All Projects Of WOGOM/PromptWars/CarbonFootprint/frontend/src/contexts/AuthContext.tsx","statementMap":{"0":{"start":{"line":25,"column":6},"end":{"line":25,"column":null}},"1":{"start":{"line":27,"column":13},"end":{"line":128,"column":null}},"2":{"start":{"line":28,"column":15},"end":{"line":28,"column":null}},"3":{"start":{"line":29,"column":16},"end":{"line":29,"column":null}},"4":{"start":{"line":30,"column":18},"end":{"line":30,"column":null}},"5":{"start":{"line":32,"column":8},"end":{"line":37,"column":null}},"6":{"start":{"line":33,"column":4},"end":{"line":33,"column":null}},"7":{"start":{"line":34,"column":4},"end":{"line":34,"column":null}},"8":{"start":{"line":35,"column":4},"end":{"line":35,"column":null}},"9":{"start":{"line":36,"column":4},"end":{"line":36,"column":null}},"10":{"start":{"line":39,"column":8},"end":{"line":44,"column":null}},"11":{"start":{"line":40,"column":4},"end":{"line":40,"column":null}},"12":{"start":{"line":41,"column":4},"end":{"line":41,"column":null}},"13":{"start":{"line":42,"column":4},"end":{"line":42,"column":null}},"14":{"start":{"line":43,"column":4},"end":{"line":43,"column":null}},"15":{"start":{"line":46,"column":2},"end":{"line":101,"column":null}},"16":{"start":{"line":47,"column":32},"end":{"line":98,"column":null}},"17":{"start":{"line":48,"column":29},"end":{"line":48,"column":null}},"18":{"start":{"line":49,"column":21},"end":{"line":49,"column":null}},"19":{"start":{"line":51,"column":6},"end":{"line":56,"column":null}},"20":{"start":{"line":52,"column":8},"end":{"line":52,"column":null}},"21":{"start":{"line":53,"column":8},"end":{"line":53,"column":null}},"22":{"start":{"line":55,"column":8},"end":{"line":55,"column":null}},"23":{"start":{"line":58,"column":26},"end":{"line":58,"column":null}},"24":{"start":{"line":59,"column":25},"end":{"line":59,"column":null}},"25":{"start":{"line":61,"column":6},"end":{"line":97,"column":null}},"26":{"start":{"line":62,"column":8},"end":{"line":81,"column":null}},"27":{"start":{"line":63,"column":10},"end":{"line":63,"column":null}},"28":{"start":{"line":64,"column":10},"end":{"line":64,"column":null}},"29":{"start":{"line":66,"column":10},"end":{"line":77,"column":null}},"30":{"start":{"line":68,"column":38},"end":{"line":68,"column":null}},"31":{"start":{"line":69,"column":14},"end":{"line":69,"column":null}},"32":{"start":{"line":70,"column":14},"end":{"line":70,"column":null}},"33":{"start":{"line":73,"column":14},"end":{"line":73,"column":null}},"34":{"start":{"line":76,"column":14},"end":{"line":76,"column":null}},"35":{"start":{"line":79,"column":10},"end":{"line":79,"column":null}},"36":{"start":{"line":80,"column":10},"end":{"line":80,"column":null}},"37":{"start":{"line":83,"column":34},"end":{"line":91,"column":null}},"38":{"start":{"line":92,"column":8},"end":{"line":92,"column":null}},"39":{"start":{"line":93,"column":8},"end":{"line":93,"column":null}},"40":{"start":{"line":94,"column":8},"end":{"line":94,"column":null}},"41":{"start":{"line":95,"column":8},"end":{"line":95,"column":null}},"42":{"start":{"line":96,"column":8},"end":{"line":96,"column":null}},"43":{"start":{"line":100,"column":4},"end":{"line":100,"column":null}},"44":{"start":{"line":103,"column":8},"end":{"line":110,"column":null}},"45":{"start":{"line":104,"column":4},"end":{"line":109,"column":null}},"46":{"start":{"line":105,"column":6},"end":{"line":105,"column":null}},"47":{"start":{"line":105,"column":17},"end":{"line":105,"column":null}},"48":{"start":{"line":106,"column":22},"end":{"line":106,"column":null}},"49":{"start":{"line":107,"column":6},"end":{"line":107,"column":null}},"50":{"start":{"line":108,"column":6},"end":{"line":108,"column":null}},"51":{"start":{"line":112,"column":22},"end":{"line":121,"column":null}},"52":{"start":{"line":113,"column":4},"end":{"line":120,"column":null}},"53":{"start":{"line":114,"column":18},"end":{"line":114,"column":null}},"54":{"start":{"line":115,"column":30},"end":{"line":115,"column":null}},"55":{"start":{"line":116,"column":6},"end":{"line":116,"column":null}},"56":{"start":{"line":117,"column":6},"end":{"line":117,"column":null}},"57":{"start":{"line":119,"column":6},"end":{"line":119,"column":null}},"58":{"start":{"line":123,"column":2},"end":{"line":126,"column":null}},"59":{"start":{"line":130,"column":13},"end":{"line":136,"column":null}},"60":{"start":{"line":131,"column":8},"end":{"line":131,"column":null}},"61":{"start":{"line":132,"column":2},"end":{"line":134,"column":null}},"62":{"start":{"line":133,"column":4},"end":{"line":133,"column":null}},"63":{"start":{"line":135,"column":2},"end":{"line":135,"column":null}}},"fnMap":{"0":{"name":"(anonymous_0)","decl":{"start":{"line":27,"column":13},"end":{"line":27,"column":70}},"loc":{"start":{"line":27,"column":87},"end":{"line":128,"column":null}},"line":27},"1":{"name":"(anonymous_1)","decl":{"start":{"line":32,"column":8},"end":{"line":32,"column":17}},"loc":{"start":{"line":32,"column":54},"end":{"line":37,"column":null}},"line":32},"2":{"name":"(anonymous_2)","decl":{"start":{"line":39,"column":8},"end":{"line":39,"column":23}},"loc":{"start":{"line":39,"column":23},"end":{"line":44,"column":null}},"line":39},"3":{"name":"(anonymous_3)","decl":{"start":{"line":46,"column":2},"end":{"line":46,"column":18}},"loc":{"start":{"line":46,"column":18},"end":{"line":101,"column":5}},"line":46},"4":{"name":"(anonymous_4)","decl":{"start":{"line":47,"column":32},"end":{"line":47,"column":44}},"loc":{"start":{"line":47,"column":44},"end":{"line":98,"column":null}},"line":47},"5":{"name":"(anonymous_5)","decl":{"start":{"line":67,"column":13},"end":{"line":67,"column":19}},"loc":{"start":{"line":67,"column":27},"end":{"line":71,"column":13}},"line":67},"6":{"name":"(anonymous_6)","decl":{"start":{"line":72,"column":13},"end":{"line":72,"column":25}},"loc":{"start":{"line":72,"column":25},"end":{"line":74,"column":13}},"line":72},"7":{"name":"(anonymous_7)","decl":{"start":{"line":75,"column":13},"end":{"line":75,"column":27}},"loc":{"start":{"line":75,"column":27},"end":{"line":77,"column":13}},"line":75},"8":{"name":"(anonymous_8)","decl":{"start":{"line":103,"column":8},"end":{"line":103,"column":22}},"loc":{"start":{"line":103,"column":50},"end":{"line":110,"column":null}},"line":103},"9":{"name":"(anonymous_9)","decl":{"start":{"line":104,"column":4},"end":{"line":104,"column":13}},"loc":{"start":{"line":104,"column":22},"end":{"line":109,"column":5}},"line":104},"10":{"name":"(anonymous_10)","decl":{"start":{"line":112,"column":22},"end":{"line":112,"column":34}},"loc":{"start":{"line":112,"column":34},"end":{"line":121,"column":null}},"line":112},"11":{"name":"(anonymous_11)","decl":{"start":{"line":130,"column":13},"end":{"line":130,"column":29}},"loc":{"start":{"line":130,"column":29},"end":{"line":136,"column":null}},"line":130}},"branchMap":{"0":{"loc":{"start":{"line":49,"column":21},"end":{"line":49,"column":null}},"type":"binary-expr","locations":[{"start":{"line":49,"column":21},"end":{"line":49,"column":53}},{"start":{"line":49,"column":53},"end":{"line":49,"column":null}}],"line":49},"1":{"loc":{"start":{"line":61,"column":6},"end":{"line":97,"column":null}},"type":"if","locations":[{"start":{"line":61,"column":6},"end":{"line":97,"column":null}},{"start":{"line":82,"column":13},"end":{"line":97,"column":null}}],"line":61},"2":{"loc":{"start":{"line":62,"column":8},"end":{"line":81,"column":null}},"type":"if","locations":[{"start":{"line":62,"column":8},"end":{"line":81,"column":null}},{"start":{"line":78,"column":15},"end":{"line":81,"column":null}}],"line":62},"3":{"loc":{"start":{"line":62,"column":12},"end":{"line":62,"column":76}},"type":"binary-expr","locations":[{"start":{"line":62,"column":12},"end":{"line":62,"column":27}},{"start":{"line":62,"column":27},"end":{"line":62,"column":41}},{"start":{"line":62,"column":41},"end":{"line":62,"column":76}}],"line":62},"4":{"loc":{"start":{"line":105,"column":6},"end":{"line":105,"column":null}},"type":"if","locations":[{"start":{"line":105,"column":6},"end":{"line":105,"column":null}},{"start":{},"end":{}}],"line":105},"5":{"loc":{"start":{"line":132,"column":2},"end":{"line":134,"column":null}},"type":"if","locations":[{"start":{"line":132,"column":2},"end":{"line":134,"column":null}},{"start":{},"end":{}}],"line":132}},"s":{"0":1,"1":1,"2":15,"3":15,"4":15,"5":15,"6":3,"7":3,"8":3,"9":3,"10":15,"11":4,"12":4,"13":4,"14":4,"15":15,"16":5,"17":5,"18":5,"19":5,"20":5,"21":4,"22":1,"23":5,"24":5,"25":5,"26":4,"27":0,"28":0,"29":0,"30":0,"31":0,"32":0,"33":0,"34":0,"35":4,"36":4,"37":1,"38":1,"39":1,"40":1,"41":1,"42":1,"43":5,"44":15,"45":1,"46":1,"47":0,"48":1,"49":1,"50":1,"51":15,"52":1,"53":1,"54":1,"55":1,"56":1,"57":0,"58":15,"59":1,"60":15,"61":15,"62":0,"63":15},"f":{"0":15,"1":3,"2":4,"3":5,"4":5,"5":0,"6":0,"7":0,"8":1,"9":1,"10":1,"11":15},"b":{"0":[5,5],"1":[4,1],"2":[0,4],"3":[4,0,0],"4":[0,1],"5":[0,15]},"meta":{"lastBranch":6,"lastFunction":12,"lastStatement":64,"seen":{"s:25:6:25:Infinity":0,"s:27:13:128:Infinity":1,"f:27:13:27:70":0,"s:28:15:28:Infinity":2,"s:29:16:29:Infinity":3,"s:30:18:30:Infinity":4,"s:32:8:37:Infinity":5,"f:32:8:32:17":1,"s:33:4:33:Infinity":6,"s:34:4:34:Infinity":7,"s:35:4:35:Infinity":8,"s:36:4:36:Infinity":9,"s:39:8:44:Infinity":10,"f:39:8:39:23":2,"s:40:4:40:Infinity":11,"s:41:4:41:Infinity":12,"s:42:4:42:Infinity":13,"s:43:4:43:Infinity":14,"s:46:2:101:Infinity":15,"f:46:2:46:18":3,"s:47:32:98:Infinity":16,"f:47:32:47:44":4,"s:48:29:48:Infinity":17,"s:49:21:49:Infinity":18,"b:49:21:49:53:49:53:49:Infinity":0,"s:51:6:56:Infinity":19,"s:52:8:52:Infinity":20,"s:53:8:53:Infinity":21,"s:55:8:55:Infinity":22,"s:58:26:58:Infinity":23,"s:59:25:59:Infinity":24,"b:61:6:97:Infinity:82:13:97:Infinity":1,"s:61:6:97:Infinity":25,"b:62:8:81:Infinity:78:15:81:Infinity":2,"s:62:8:81:Infinity":26,"b:62:12:62:27:62:27:62:41:62:41:62:76":3,"s:63:10:63:Infinity":27,"s:64:10:64:Infinity":28,"s:66:10:77:Infinity":29,"f:67:13:67:19":5,"s:68:38:68:Infinity":30,"s:69:14:69:Infinity":31,"s:70:14:70:Infinity":32,"f:72:13:72:25":6,"s:73:14:73:Infinity":33,"f:75:13:75:27":7,"s:76:14:76:Infinity":34,"s:79:10:79:Infinity":35,"s:80:10:80:Infinity":36,"s:83:34:91:Infinity":37,"s:92:8:92:Infinity":38,"s:93:8:93:Infinity":39,"s:94:8:94:Infinity":40,"s:95:8:95:Infinity":41,"s:96:8:96:Infinity":42,"s:100:4:100:Infinity":43,"s:103:8:110:Infinity":44,"f:103:8:103:22":8,"s:104:4:109:Infinity":45,"f:104:4:104:13":9,"b:105:6:105:Infinity:undefined:undefined:undefined:undefined":4,"s:105:6:105:Infinity":46,"s:105:17:105:Infinity":47,"s:106:22:106:Infinity":48,"s:107:6:107:Infinity":49,"s:108:6:108:Infinity":50,"s:112:22:121:Infinity":51,"f:112:22:112:34":10,"s:113:4:120:Infinity":52,"s:114:18:114:Infinity":53,"s:115:30:115:Infinity":54,"s:116:6:116:Infinity":55,"s:117:6:117:Infinity":56,"s:119:6:119:Infinity":57,"s:123:2:126:Infinity":58,"s:130:13:136:Infinity":59,"f:130:13:130:29":11,"s:131:8:131:Infinity":60,"b:132:2:134:Infinity:undefined:undefined:undefined:undefined":5,"s:132:2:134:Infinity":61,"s:133:4:133:Infinity":62,"s:135:2:135:Infinity":63},"fnNames":{}}}
,"/home/yagnesh/Desktop/All Projects Of WOGOM/PromptWars/CarbonFootprint/frontend/src/contexts/ThemeContext.tsx": {"path":"/home/yagnesh/Desktop/All Projects Of WOGOM/PromptWars/CarbonFootprint/frontend/src/contexts/ThemeContext.tsx","statementMap":{"0":{"start":{"line":10,"column":6},"end":{"line":10,"column":null}},"1":{"start":{"line":12,"column":13},"end":{"line":35,"column":null}},"2":{"start":{"line":13,"column":16},"end":{"line":17,"column":null}},"3":{"start":{"line":14,"column":18},"end":{"line":14,"column":null}},"4":{"start":{"line":15,"column":4},"end":{"line":15,"column":null}},"5":{"start":{"line":15,"column":47},"end":{"line":15,"column":null}},"6":{"start":{"line":16,"column":4},"end":{"line":16,"column":null}},"7":{"start":{"line":19,"column":2},"end":{"line":24,"column":null}},"8":{"start":{"line":20,"column":17},"end":{"line":20,"column":null}},"9":{"start":{"line":21,"column":4},"end":{"line":21,"column":null}},"10":{"start":{"line":22,"column":4},"end":{"line":22,"column":null}},"11":{"start":{"line":23,"column":4},"end":{"line":23,"column":null}},"12":{"start":{"line":26,"column":8},"end":{"line":28,"column":null}},"13":{"start":{"line":27,"column":4},"end":{"line":27,"column":null}},"14":{"start":{"line":27,"column":24},"end":{"line":27,"column":60}},"15":{"start":{"line":30,"column":2},"end":{"line":33,"column":null}},"16":{"start":{"line":37,"column":13},"end":{"line":43,"column":null}},"17":{"start":{"line":38,"column":8},"end":{"line":38,"column":null}},"18":{"start":{"line":39,"column":2},"end":{"line":41,"column":null}},"19":{"start":{"line":40,"column":4},"end":{"line":40,"column":null}},"20":{"start":{"line":42,"column":2},"end":{"line":42,"column":null}}},"fnMap":{"0":{"name":"(anonymous_0)","decl":{"start":{"line":12,"column":13},"end":{"line":12,"column":71}},"loc":{"start":{"line":12,"column":88},"end":{"line":35,"column":null}},"line":12},"1":{"name":"(anonymous_1)","decl":{"start":{"line":13,"column":28},"end":{"line":13,"column":50}},"loc":{"start":{"line":13,"column":50},"end":{"line":17,"column":3}},"line":13},"2":{"name":"(anonymous_2)","decl":{"start":{"line":19,"column":2},"end":{"line":19,"column":18}},"loc":{"start":{"line":19,"column":18},"end":{"line":24,"column":5}},"line":19},"3":{"name":"(anonymous_3)","decl":{"start":{"line":26,"column":8},"end":{"line":26,"column":28}},"loc":{"start":{"line":26,"column":28},"end":{"line":28,"column":null}},"line":26},"4":{"name":"(anonymous_4)","decl":{"start":{"line":27,"column":4},"end":{"line":27,"column":14}},"loc":{"start":{"line":27,"column":24},"end":{"line":27,"column":60}},"line":27},"5":{"name":"(anonymous_5)","decl":{"start":{"line":37,"column":13},"end":{"line":37,"column":30}},"loc":{"start":{"line":37,"column":30},"end":{"line":43,"column":null}},"line":37}},"branchMap":{"0":{"loc":{"start":{"line":15,"column":4},"end":{"line":15,"column":null}},"type":"if","locations":[{"start":{"line":15,"column":4},"end":{"line":15,"column":null}},{"start":{},"end":{}}],"line":15},"1":{"loc":{"start":{"line":15,"column":8},"end":{"line":15,"column":47}},"type":"binary-expr","locations":[{"start":{"line":15,"column":8},"end":{"line":15,"column":28}},{"start":{"line":15,"column":28},"end":{"line":15,"column":47}}],"line":15},"2":{"loc":{"start":{"line":27,"column":24},"end":{"line":27,"column":60}},"type":"cond-expr","locations":[{"start":{"line":27,"column":43},"end":{"line":27,"column":52}},{"start":{"line":27,"column":52},"end":{"line":27,"column":60}}],"line":27},"3":{"loc":{"start":{"line":39,"column":2},"end":{"line":41,"column":null}},"type":"if","locations":[{"start":{"line":39,"column":2},"end":{"line":41,"column":null}},{"start":{},"end":{}}],"line":39}},"s":{"0":1,"1":1,"2":5,"3":3,"4":3,"5":1,"6":2,"7":5,"8":5,"9":5,"10":5,"11":5,"12":5,"13":2,"14":2,"15":5,"16":1,"17":8,"18":8,"19":2,"20":5},"f":{"0":5,"1":3,"2":5,"3":2,"4":2,"5":8},"b":{"0":[1,2],"1":[3,2],"2":[1,1],"3":[2,6]},"meta":{"lastBranch":4,"lastFunction":6,"lastStatement":21,"seen":{"s:10:6:10:Infinity":0,"s:12:13:35:Infinity":1,"f:12:13:12:71":0,"s:13:16:17:Infinity":2,"f:13:28:13:50":1,"s:14:18:14:Infinity":3,"b:15:4:15:Infinity:undefined:undefined:undefined:undefined":0,"s:15:4:15:Infinity":4,"b:15:8:15:28:15:28:15:47":1,"s:15:47:15:Infinity":5,"s:16:4:16:Infinity":6,"s:19:2:24:Infinity":7,"f:19:2:19:18":2,"s:20:17:20:Infinity":8,"s:21:4:21:Infinity":9,"s:22:4:22:Infinity":10,"s:23:4:23:Infinity":11,"s:26:8:28:Infinity":12,"f:26:8:26:28":3,"s:27:4:27:Infinity":13,"f:27:4:27:14":4,"s:27:24:27:60":14,"b:27:43:27:52:27:52:27:60":2,"s:30:2:33:Infinity":15,"s:37:13:43:Infinity":16,"f:37:13:37:30":5,"s:38:8:38:Infinity":17,"b:39:2:41:Infinity:undefined:undefined:undefined:undefined":3,"s:39:2:41:Infinity":18,"s:40:4:40:Infinity":19,"s:42:2:42:Infinity":20},"fnNames":{}}}
,"/home/yagnesh/Desktop/All Projects Of WOGOM/PromptWars/CarbonFootprint/frontend/src/utils/carbonCalculator.ts": {"path":"/home/yagnesh/Desktop/All Projects Of WOGOM/PromptWars/CarbonFootprint/frontend/src/utils/carbonCalculator.ts","statementMap":{"0":{"start":{"line":8,"column":40},"end":{"line":8,"column":null}},"1":{"start":{"line":10,"column":2},"end":{"line":10,"column":null}},"2":{"start":{"line":10,"column":18},"end":{"line":10,"column":null}},"3":{"start":{"line":12,"column":2},"end":{"line":107,"column":null}},"4":{"start":{"line":14,"column":19},"end":{"line":14,"column":null}},"5":{"start":{"line":15,"column":6},"end":{"line":28,"column":null}},"6":{"start":{"line":17,"column":10},"end":{"line":17,"column":null}},"7":{"start":{"line":19,"column":10},"end":{"line":19,"column":null}},"8":{"start":{"line":21,"column":10},"end":{"line":21,"column":null}},"9":{"start":{"line":23,"column":10},"end":{"line":23,"column":null}},"10":{"start":{"line":25,"column":10},"end":{"line":25,"column":null}},"11":{"start":{"line":27,"column":10},"end":{"line":27,"column":null}},"12":{"start":{"line":31,"column":19},"end":{"line":31,"column":null}},"13":{"start":{"line":32,"column":6},"end":{"line":40,"column":null}},"14":{"start":{"line":34,"column":10},"end":{"line":34,"column":null}},"15":{"start":{"line":37,"column":10},"end":{"line":37,"column":null}},"16":{"start":{"line":39,"column":10},"end":{"line":39,"column":null}},"17":{"start":{"line":44,"column":23},"end":{"line":44,"column":null}},"18":{"start":{"line":45,"column":6},"end":{"line":49,"column":null}},"19":{"start":{"line":46,"column":8},"end":{"line":46,"column":null}},"20":{"start":{"line":48,"column":8},"end":{"line":48,"column":null}},"21":{"start":{"line":53,"column":21},"end":{"line":53,"column":null}},"22":{"start":{"line":54,"column":6},"end":{"line":56,"column":null}},"23":{"start":{"line":55,"column":8},"end":{"line":55,"column":null}},"24":{"start":{"line":57,"column":6},"end":{"line":57,"column":null}},"25":{"start":{"line":61,"column":6},"end":{"line":61,"column":null}},"26":{"start":{"line":65,"column":19},"end":{"line":65,"column":null}},"27":{"start":{"line":66,"column":6},"end":{"line":77,"column":null}},"28":{"start":{"line":68,"column":10},"end":{"line":68,"column":null}},"29":{"start":{"line":70,"column":10},"end":{"line":70,"column":null}},"30":{"start":{"line":72,"column":10},"end":{"line":72,"column":null}},"31":{"start":{"line":74,"column":10},"end":{"line":74,"column":null}},"32":{"start":{"line":76,"column":10},"end":{"line":76,"column":null}},"33":{"start":{"line":80,"column":23},"end":{"line":80,"column":null}},"34":{"start":{"line":81,"column":6},"end":{"line":92,"column":null}},"35":{"start":{"line":83,"column":10},"end":{"line":83,"column":null}},"36":{"start":{"line":85,"column":10},"end":{"line":85,"column":null}},"37":{"start":{"line":87,"column":10},"end":{"line":87,"column":null}},"38":{"start":{"line":89,"column":10},"end":{"line":89,"column":null}},"39":{"start":{"line":91,"column":10},"end":{"line":91,"column":null}},"40":{"start":{"line":96,"column":23},"end":{"line":96,"column":null}},"41":{"start":{"line":97,"column":6},"end":{"line":99,"column":null}},"42":{"start":{"line":98,"column":8},"end":{"line":98,"column":null}},"43":{"start":{"line":100,"column":6},"end":{"line":100,"column":null}},"44":{"start":{"line":104,"column":6},"end":{"line":104,"column":null}},"45":{"start":{"line":106,"column":6},"end":{"line":106,"column":null}}},"fnMap":{"0":{"name":"calculateCarbon","decl":{"start":{"line":7,"column":16},"end":{"line":7,"column":32}},"loc":{"start":{"line":7,"column":60},"end":{"line":108,"column":null}},"line":7}},"branchMap":{"0":{"loc":{"start":{"line":8,"column":23},"end":{"line":8,"column":40}},"type":"default-arg","locations":[{"start":{"line":8,"column":33},"end":{"line":8,"column":40}}],"line":8},"1":{"loc":{"start":{"line":10,"column":2},"end":{"line":10,"column":null}},"type":"if","locations":[{"start":{"line":10,"column":2},"end":{"line":10,"column":null}},{"start":{},"end":{}}],"line":10},"2":{"loc":{"start":{"line":12,"column":2},"end":{"line":107,"column":null}},"type":"switch","locations":[{"start":{"line":13,"column":4},"end":{"line":29,"column":null}},{"start":{"line":30,"column":4},"end":{"line":41,"column":null}},{"start":{"line":42,"column":4},"end":{"line":50,"column":null}},{"start":{"line":51,"column":4},"end":{"line":58,"column":null}},{"start":{"line":59,"column":4},"end":{"line":62,"column":null}},{"start":{"line":63,"column":4},"end":{"line":78,"column":null}},{"start":{"line":79,"column":4},"end":{"line":93,"column":null}},{"start":{"line":94,"column":4},"end":{"line":101,"column":null}},{"start":{"line":102,"column":4},"end":{"line":102,"column":null}},{"start":{"line":103,"column":4},"end":{"line":104,"column":null}},{"start":{"line":105,"column":4},"end":{"line":106,"column":null}}],"line":12},"3":{"loc":{"start":{"line":14,"column":19},"end":{"line":14,"column":null}},"type":"binary-expr","locations":[{"start":{"line":14,"column":19},"end":{"line":14,"column":35}},{"start":{"line":14,"column":35},"end":{"line":14,"column":null}}],"line":14},"4":{"loc":{"start":{"line":15,"column":6},"end":{"line":28,"column":null}},"type":"switch","locations":[{"start":{"line":16,"column":8},"end":{"line":17,"column":null}},{"start":{"line":18,"column":8},"end":{"line":19,"column":null}},{"start":{"line":20,"column":8},"end":{"line":21,"column":null}},{"start":{"line":22,"column":8},"end":{"line":23,"column":null}},{"start":{"line":24,"column":8},"end":{"line":25,"column":null}},{"start":{"line":26,"column":8},"end":{"line":27,"column":null}}],"line":15},"5":{"loc":{"start":{"line":31,"column":19},"end":{"line":31,"column":null}},"type":"binary-expr","locations":[{"start":{"line":31,"column":19},"end":{"line":31,"column":35}},{"start":{"line":31,"column":35},"end":{"line":31,"column":null}}],"line":31},"6":{"loc":{"start":{"line":32,"column":6},"end":{"line":40,"column":null}},"type":"switch","locations":[{"start":{"line":33,"column":8},"end":{"line":34,"column":null}},{"start":{"line":35,"column":8},"end":{"line":35,"column":null}},{"start":{"line":36,"column":8},"end":{"line":37,"column":null}},{"start":{"line":38,"column":8},"end":{"line":39,"column":null}}],"line":32},"7":{"loc":{"start":{"line":44,"column":23},"end":{"line":44,"column":null}},"type":"binary-expr","locations":[{"start":{"line":44,"column":23},"end":{"line":44,"column":43}},{"start":{"line":44,"column":43},"end":{"line":44,"column":null}}],"line":44},"8":{"loc":{"start":{"line":45,"column":6},"end":{"line":49,"column":null}},"type":"if","locations":[{"start":{"line":45,"column":6},"end":{"line":49,"column":null}},{"start":{"line":47,"column":13},"end":{"line":49,"column":null}}],"line":45},"9":{"loc":{"start":{"line":53,"column":21},"end":{"line":53,"column":null}},"type":"binary-expr","locations":[{"start":{"line":53,"column":21},"end":{"line":53,"column":39}},{"start":{"line":53,"column":39},"end":{"line":53,"column":null}}],"line":53},"10":{"loc":{"start":{"line":54,"column":6},"end":{"line":56,"column":null}},"type":"if","locations":[{"start":{"line":54,"column":6},"end":{"line":56,"column":null}},{"start":{},"end":{}}],"line":54},"11":{"loc":{"start":{"line":54,"column":10},"end":{"line":54,"column":75}},"type":"binary-expr","locations":[{"start":{"line":54,"column":10},"end":{"line":54,"column":32}},{"start":{"line":54,"column":32},"end":{"line":54,"column":53}},{"start":{"line":54,"column":53},"end":{"line":54,"column":75}}],"line":54},"12":{"loc":{"start":{"line":65,"column":19},"end":{"line":65,"column":null}},"type":"binary-expr","locations":[{"start":{"line":65,"column":19},"end":{"line":65,"column":35}},{"start":{"line":65,"column":35},"end":{"line":65,"column":null}}],"line":65},"13":{"loc":{"start":{"line":66,"column":6},"end":{"line":77,"column":null}},"type":"switch","locations":[{"start":{"line":67,"column":8},"end":{"line":68,"column":null}},{"start":{"line":69,"column":8},"end":{"line":70,"column":null}},{"start":{"line":71,"column":8},"end":{"line":72,"column":null}},{"start":{"line":73,"column":8},"end":{"line":74,"column":null}},{"start":{"line":75,"column":8},"end":{"line":76,"column":null}}],"line":66},"14":{"loc":{"start":{"line":80,"column":23},"end":{"line":80,"column":null}},"type":"binary-expr","locations":[{"start":{"line":80,"column":23},"end":{"line":80,"column":43}},{"start":{"line":80,"column":43},"end":{"line":80,"column":null}}],"line":80},"15":{"loc":{"start":{"line":81,"column":6},"end":{"line":92,"column":null}},"type":"switch","locations":[{"start":{"line":82,"column":8},"end":{"line":83,"column":null}},{"start":{"line":84,"column":8},"end":{"line":85,"column":null}},{"start":{"line":86,"column":8},"end":{"line":87,"column":null}},{"start":{"line":88,"column":8},"end":{"line":89,"column":null}},{"start":{"line":90,"column":8},"end":{"line":91,"column":null}}],"line":81},"16":{"loc":{"start":{"line":96,"column":23},"end":{"line":96,"column":null}},"type":"binary-expr","locations":[{"start":{"line":96,"column":23},"end":{"line":96,"column":52}},{"start":{"line":96,"column":52},"end":{"line":96,"column":null}}],"line":96},"17":{"loc":{"start":{"line":97,"column":6},"end":{"line":99,"column":null}},"type":"if","locations":[{"start":{"line":97,"column":6},"end":{"line":99,"column":null}},{"start":{},"end":{}}],"line":97}},"s":{"0":32,"1":32,"2":2,"3":30,"4":6,"5":6,"6":1,"7":1,"8":1,"9":1,"10":1,"11":1,"12":4,"13":4,"14":1,"15":2,"16":1,"17":2,"18":2,"19":1,"20":1,"21":3,"22":3,"23":2,"24":1,"25":1,"26":4,"27":4,"28":1,"29":1,"30":0,"31":1,"32":1,"33":4,"34":4,"35":1,"36":1,"37":1,"38":0,"39":1,"40":3,"41":3,"42":2,"43":1,"44":2,"45":1},"f":{"0":32},"b":{"0":[32],"1":[2,30],"2":[30,4,2,3,1,4,4,3,1,2,1],"3":[6,0],"4":[1,1,1,1,1,1],"5":[4,0],"6":[1,1,2,1],"7":[2,0],"8":[1,1],"9":[3,0],"10":[2,1],"11":[3,2,1],"12":[4,0],"13":[1,1,0,1,1],"14":[4,0],"15":[1,1,1,0,1],"16":[3,2],"17":[2,1]},"meta":{"lastBranch":18,"lastFunction":1,"lastStatement":46,"seen":{"f:7:16:7:32":0,"s:8:40:8:Infinity":0,"b:8:33:8:40":0,"b:10:2:10:Infinity:undefined:undefined:undefined:undefined":1,"s:10:2:10:Infinity":1,"s:10:18:10:Infinity":2,"b:13:4:29:Infinity:30:4:41:Infinity:42:4:50:Infinity:51:4:58:Infinity:59:4:62:Infinity:63:4:78:Infinity:79:4:93:Infinity:94:4:101:Infinity:102:4:102:Infinity:103:4:104:Infinity:105:4:106:Infinity":2,"s:12:2:107:Infinity":3,"s:14:19:14:Infinity":4,"b:14:19:14:35:14:35:14:Infinity":3,"b:16:8:17:Infinity:18:8:19:Infinity:20:8:21:Infinity:22:8:23:Infinity:24:8:25:Infinity:26:8:27:Infinity":4,"s:15:6:28:Infinity":5,"s:17:10:17:Infinity":6,"s:19:10:19:Infinity":7,"s:21:10:21:Infinity":8,"s:23:10:23:Infinity":9,"s:25:10:25:Infinity":10,"s:27:10:27:Infinity":11,"s:31:19:31:Infinity":12,"b:31:19:31:35:31:35:31:Infinity":5,"b:33:8:34:Infinity:35:8:35:Infinity:36:8:37:Infinity:38:8:39:Infinity":6,"s:32:6:40:Infinity":13,"s:34:10:34:Infinity":14,"s:37:10:37:Infinity":15,"s:39:10:39:Infinity":16,"s:44:23:44:Infinity":17,"b:44:23:44:43:44:43:44:Infinity":7,"b:45:6:49:Infinity:47:13:49:Infinity":8,"s:45:6:49:Infinity":18,"s:46:8:46:Infinity":19,"s:48:8:48:Infinity":20,"s:53:21:53:Infinity":21,"b:53:21:53:39:53:39:53:Infinity":9,"b:54:6:56:Infinity:undefined:undefined:undefined:undefined":10,"s:54:6:56:Infinity":22,"b:54:10:54:32:54:32:54:53:54:53:54:75":11,"s:55:8:55:Infinity":23,"s:57:6:57:Infinity":24,"s:61:6:61:Infinity":25,"s:65:19:65:Infinity":26,"b:65:19:65:35:65:35:65:Infinity":12,"b:67:8:68:Infinity:69:8:70:Infinity:71:8:72:Infinity:73:8:74:Infinity:75:8:76:Infinity":13,"s:66:6:77:Infinity":27,"s:68:10:68:Infinity":28,"s:70:10:70:Infinity":29,"s:72:10:72:Infinity":30,"s:74:10:74:Infinity":31,"s:76:10:76:Infinity":32,"s:80:23:80:Infinity":33,"b:80:23:80:43:80:43:80:Infinity":14,"b:82:8:83:Infinity:84:8:85:Infinity:86:8:87:Infinity:88:8:89:Infinity:90:8:91:Infinity":15,"s:81:6:92:Infinity":34,"s:83:10:83:Infinity":35,"s:85:10:85:Infinity":36,"s:87:10:87:Infinity":37,"s:89:10:89:Infinity":38,"s:91:10:91:Infinity":39,"s:96:23:96:Infinity":40,"b:96:23:96:52:96:52:96:Infinity":16,"b:97:6:99:Infinity:undefined:undefined:undefined:undefined":17,"s:97:6:99:Infinity":41,"s:98:8:98:Infinity":42,"s:100:6:100:Infinity":43,"s:104:6:104:Infinity":44,"s:106:6:106:Infinity":45},"fnNames":{}}}
}
